<?xml version="1.0" encoding="UTF-8"?>
<!-- Generated by org.testng.reporters.JUnitReportReporter -->
<testsuite hostname="LAPTOP-BKFOAL1M" failures="0" tests="1" name="TestLayer.TicketBookingTest" time="24.237" errors="0" timestamp="2023-07-20T15:54:04 IST" skipped="0">
  <testcase classname="TestLayer.TicketBookingTest" name="validatebookingFun" time="24.237"/>
  <system-out/>
</testsuite> <!-- TestLayer.TicketBookingTest -->
